<?xml version="1.0" encoding="UTF-8"?>
<!-- Generated by org.testng.reporters.JUnitReportReporter -->
<testsuite hostname="DESKTOP-E5IQ7J0" failures="0" tests="1" name="testNG.testcases.CreatingNewRole" time="1.372" errors="0" timestamp="2024-02-15T16:35:26 IST" skipped="0">
  <testcase classname="testNG.testcases.CreatingNewRole" name="CreatingRole" time="1.372"/>
</testsuite> <!-- testNG.testcases.CreatingNewRole -->
