<?xml version="1.0" encoding="UTF-8"?>
<!-- Generated by org.testng.reporters.JUnitReportReporter -->
<testsuite hostname="DESKTOP-E5IQ7J0" failures="0" tests="1" name="testNG.testcases.AdminLoginWithInvalidData" time="3.372" errors="0" timestamp="2024-02-15T16:35:26 IST" skipped="0">
  <testcase classname="testNG.testcases.AdminLoginWithInvalidData" name="InvalidLogin" time="3.372"/>
</testsuite> <!-- testNG.testcases.AdminLoginWithInvalidData -->
